<?xml version="1.0" encoding="utf-8"?><testsuites name="pytest tests"><testsuite name="pytest" errors="0" failures="1" skipped="0" tests="8" time="0.904" timestamp="2025-10-13T20:35:00.537450-04:00" hostname="Brians-MacBook-Pro.local"><testcase classname="tests.test_main" name="test_main[tests/test_vectors/bullet_list.rst]" time="0.017" /><testcase classname="tests.test_main" name="test_main[tests/test_vectors/directives.rst]" time="0.288" /><testcase classname="tests.test_main" name="test_main[tests/test_vectors/introduction.rst]" time="0.023" /><testcase classname="tests.test_main" name="test_main[tests/test_vectors/paragraph_basic.rst]" time="0.002" /><testcase classname="tests.test_main" name="test_main[tests/test_vectors/rich_introduction.rst]" time="0.037"><failure message="assert '&lt;!DOCTYPE ht...y&gt;\n&lt;/html&gt;\n' == '&lt;!DOCTYPE ht...y&gt;\n&lt;/html&gt;\n'&#10;  &#10;  Skipping 18879 identical leading characters in diff, use -v to show&#10;  #x1B[0m#x1B[91m- ch has an &lt;/span&gt;&lt;span class=&quot;r9&quot;&gt;~rich.inspect&lt;/span&gt;&lt;span class=&quot;r2&quot;&gt; function which can generate a report on any Python object. It is a fantastic debug aid, and a &lt;/span&gt;#x1B[39;49;00m#x1B[90m#x1B[39;49;00m&#10;  ?           ^^^^^^^^^^^^^^^^^^^^^^^^             ^^^^^^^^^^^^^^^^^^^^^^^^                                                                                   -----------#x1B[90m#x1B[39;49;00m&#10;  #x1B[92m+ ch has an :meth:`~rich.inspect` function which can generate a report on any Python object. It is a fantastic...&#10;  &#10;  ...Full output truncated (34 lines hidden), use '-vv' to show">rst_path = PosixPath('tests/test_vectors/rich_introduction.rst')

    @pytest.mark.parametrize("rst_path", rst_paths)
    def test_main(rst_path):
        rst_path = Path(rst_path)
        actual_html_path = rst_path.parent / (rst_path.stem + "_actual.html")
        expected_html_path = rst_path.parent / (rst_path.stem + "_expected.html")
    
        rst = RestructuredText(rst_path.read_text(), show_errors=True)
        actual_html = render_to_html(rst)
        actual_html_path.write_text(actual_html)
    
        expected_html = expected_html_path.read_text()
&gt;       assert expected_html == actual_html
E       assert '&lt;!DOCTYPE ht...y&gt;\n&lt;/html&gt;\n' == '&lt;!DOCTYPE ht...y&gt;\n&lt;/html&gt;\n'
E         
E         Skipping 18879 identical leading characters in diff, use -v to show
E         #x1B[0m#x1B[91m- ch has an &lt;/span&gt;&lt;span class="r9"&gt;~rich.inspect&lt;/span&gt;&lt;span class="r2"&gt; function which can generate a report on any Python object. It is a fantastic debug aid, and a &lt;/span&gt;#x1B[39;49;00m#x1B[90m#x1B[39;49;00m
E         ?           ^^^^^^^^^^^^^^^^^^^^^^^^             ^^^^^^^^^^^^^^^^^^^^^^^^                                                                                   -----------#x1B[90m#x1B[39;49;00m
E         #x1B[92m+ ch has an :meth:`~rich.inspect` function which can generate a report on any Python object. It is a fantastic...
E         
E         ...Full output truncated (34 lines hidden), use '-vv' to show

tests/test_main.py:52: AssertionError</failure></testcase><testcase classname="tests.test_main" name="test_main[tests/test_vectors/roles.rst]" time="0.055" /><testcase classname="tests.test_main" name="test_main[tests/test_vectors/specification.rst]" time="0.357" /><testcase classname="tests.test_main" name="test_main[tests/test_vectors/sphinx_roles_compat.rst]" time="0.008" /></testsuite></testsuites>